<?xml version="1.0" encoding="UTF-8"?>
<testng-results ignored="0" total="1" passed="1" failed="0" skipped="0">
  <reporter-output>
  </reporter-output>
  <suite started-at="2025-12-17T08:33:09 IST" name="Suite" finished-at="2025-12-17T08:33:09 IST" duration-ms="150">
    <groups>
      <group name="Smoke">
        <method signature="Practice1Test.CarTest()[pri:0, instance:Demo.Practice1Test@4b8ee4de]" name="CarTest" class="Demo.Practice1Test"/>
      </group> <!-- Smoke -->
    </groups>
    <test started-at="2025-12-17T08:33:09 IST" name="Test" finished-at="2025-12-17T08:33:09 IST" duration-ms="150">
      <class name="Demo.Practice1Test">
        <test-method signature="CarTest()[pri:0, instance:Demo.Practice1Test@4b8ee4de]" started-at="2025-12-17T08:33:09 IST" name="CarTest" finished-at="2025-12-17T08:33:09 IST" duration-ms="21" status="PASS">
          <reporter-output>
          </reporter-output>
        </test-method> <!-- CarTest -->
      </class> <!-- Demo.Practice1Test -->
    </test> <!-- Test -->
  </suite> <!-- Suite -->
</testng-results>
